SLF4J(W): Class path contains multiple SLF4J providers.
SLF4J(W): Found provider [scribe.slf4j.ScribeServiceProvider@19dca6cb]
SLF4J(W): Found provider [ch.qos.logback.classic.spi.LogbackServiceProvider@64889049]
SLF4J(W): See https://www.slf4j.org/codes.html#multiple_bindings for an explanation.
SLF4J(I): Actual provider is of type [scribe.slf4j.ScribeServiceProvider@19dca6cb]
2024.06.25 00:01:01 WARN  Flyway upgrade recommended: H2 2.2.224 is newer than this version of Flyway and support has not been tested. The latest supported version of H2 is 2.2.220.
2024.06.25 00:01:02 INFO  no build target found for D:\university ucsc 2nd year\semester 1 year 2\SCS2204 Functional Programming\scala\Scala-Lab-Sheets\Practical_2\q1.scala. Using presentation compiler with project's scala-library version: 3.3.3
2024.06.25 00:01:05 INFO  Running List(C:\Users\Malin\AppData\Local\Coursier\data\bin\scala-cli.BAT, setup-ide, D:\university ucsc 2nd year\semester 1 year 2\SCS2204 Functional Programming\scala\Scala-Lab-Sheets)
2024.06.25 00:01:05 INFO  Attempting to connect to the build server...
2024.06.25 00:01:05 INFO  Running BSP server List(C:\Users\Malin\AppData\Local\Coursier\data\bin\.scala-cli.aux.exe, bsp, --json-options, D:\university ucsc 2nd year\semester 1 year 2\SCS2204 Functional Programming\scala\Scala-Lab-Sheets\.scala-build\ide-options-v2.json, --json-launcher-options, D:\university ucsc 2nd year\semester 1 year 2\SCS2204 Functional Programming\scala\Scala-Lab-Sheets\.scala-build\ide-launcher-options.json, --envs-file, D:\university ucsc 2nd year\semester 1 year 2\SCS2204 Functional Programming\scala\Scala-Lab-Sheets\.scala-build\ide-envs.json, D:\university ucsc 2nd year\semester 1 year 2\SCS2204 Functional Programming\scala\Scala-Lab-Sheets)
2024.06.25 00:01:05 INFO  tracing is disabled for protocol BSP, to enable tracing of incoming and outgoing JSON messages create an empty file at D:\university ucsc 2nd year\semester 1 year 2\SCS2204 Functional Programming\scala\Scala-Lab-Sheets\.metals\bsp.trace.json or C:\Users\Malin\AppData\Local\scalameta\metals\cache\bsp.trace.json
2024.06.25 00:01:07 INFO  no build target found for D:\university ucsc 2nd year\semester 1 year 2\SCS2204 Functional Programming\scala\Scala-Lab-Sheets\Practical_2\q1.scala. Using presentation compiler with project's scala-library version: 3.3.3
2024.06.25 00:01:07 INFO  BSP server: Starting compilation server
2024.06.25 00:01:09 INFO  no build target found for D:\university ucsc 2nd year\semester 1 year 2\SCS2204 Functional Programming\scala\Scala-Lab-Sheets\Practical_2\q1.scala. Using presentation compiler with project's scala-library version: 3.3.3
Jun 25, 2024 12:01:09 AM org.eclipse.lsp4j.jsonrpc.RemoteEndpoint handleCancellation
WARNING: Unmatched cancel notification for request id 9
2024.06.25 00:01:13 INFO  time: Connected to build server in 8.02s
2024.06.25 00:01:13 INFO  Connected to Build server: scala-cli v1.3.2
2024.06.25 00:01:14 INFO  compiling scala-lab-sheets_f4dd477a3a (1 scala source)
2024.06.25 00:01:16 INFO  time: Imported build in 3.39s
2024.06.25 00:01:21 INFO  time: indexed workspace in 5.09s
2024.06.25 00:01:58 INFO  Shutting down server
2024.06.25 00:01:58 INFO  shutting down Metals
2024.06.25 00:01:58 INFO  Shut down connection with build server.
2024.06.25 00:01:58 INFO  Exiting server
2024.06.25 00:02:07 INFO  Started: Metals version 1.3.2 in folders 'D:\university ucsc 2nd year\semester 1 year 2\SCS2204 Functional Programming\scala\Scala-Lab-Sheets' for client Visual Studio Code 1.90.2.
SLF4J(W): Class path contains multiple SLF4J providers.
SLF4J(W): Found provider [scribe.slf4j.ScribeServiceProvider@1491f46b]
SLF4J(W): Found provider [ch.qos.logback.classic.spi.LogbackServiceProvider@f7195bc]
SLF4J(W): See https://www.slf4j.org/codes.html#multiple_bindings for an explanation.
SLF4J(I): Actual provider is of type [scribe.slf4j.ScribeServiceProvider@1491f46b]
2024.06.25 00:02:07 WARN  Flyway upgrade recommended: H2 2.2.224 is newer than this version of Flyway and support has not been tested. The latest supported version of H2 is 2.2.220.
2024.06.25 00:02:08 INFO  Attempting to connect to the build server...
2024.06.25 00:02:08 INFO  Running BSP server List(C:\Users\Malin\AppData\Local\Coursier\data\bin\.scala-cli.aux.exe, bsp, --json-options, D:\university ucsc 2nd year\semester 1 year 2\SCS2204 Functional Programming\scala\Scala-Lab-Sheets\.scala-build\ide-options-v2.json, --json-launcher-options, D:\university ucsc 2nd year\semester 1 year 2\SCS2204 Functional Programming\scala\Scala-Lab-Sheets\.scala-build\ide-launcher-options.json, --envs-file, D:\university ucsc 2nd year\semester 1 year 2\SCS2204 Functional Programming\scala\Scala-Lab-Sheets\.scala-build\ide-envs.json, D:\university ucsc 2nd year\semester 1 year 2\SCS2204 Functional Programming\scala\Scala-Lab-Sheets)
2024.06.25 00:02:08 INFO  tracing is disabled for protocol BSP, to enable tracing of incoming and outgoing JSON messages create an empty file at D:\university ucsc 2nd year\semester 1 year 2\SCS2204 Functional Programming\scala\Scala-Lab-Sheets\.metals\bsp.trace.json or C:\Users\Malin\AppData\Local\scalameta\metals\cache\bsp.trace.json
2024.06.25 00:02:09 INFO  no build target found for D:\university ucsc 2nd year\semester 1 year 2\SCS2204 Functional Programming\scala\Scala-Lab-Sheets\Practical_2\q1.scala. Using presentation compiler with project's scala-library version: 3.3.3
2024.06.25 00:02:10 INFO  time: Connected to build server in 2.38s
2024.06.25 00:02:10 INFO  Connected to Build server: scala-cli v1.3.2
2024.06.25 00:02:12 INFO  time: indexed workspace in 1.51s
Jun 25, 2024 12:02:12 AM org.eclipse.lsp4j.jsonrpc.services.GenericEndpoint notify
INFO: Unsupported notification method: $/setTrace
2024.06.25 00:03:43 INFO  no build target found for D:\university ucsc 2nd year\semester 1 year 2\SCS2204 Functional Programming\scala\Scala-Lab-Sheets\Practical_2\q2.scala. Using presentation compiler with project's scala-library version: 3.3.3
2024.06.25 00:03:43 INFO  no build target found for D:\university ucsc 2nd year\semester 1 year 2\SCS2204 Functional Programming\scala\Scala-Lab-Sheets\Practical_2\q2.scala. Using presentation compiler with project's scala-library version: 3.3.3
2024.06.25 00:03:43 WARN  Could not find semantic tokens for: file:///D:/university%20ucsc%202nd%20year/semester%201%20year%202/SCS2204%20Functional%20Programming/scala/Scala-Lab-Sheets/Practical_2/q2.scala
2024.06.25 00:03:43 INFO  compiling scala-lab-sheets_f4dd477a3a (1 scala source)
2024.06.25 00:03:43 INFO  time: compiled Scala-Lab-Sheets_f4dd477a3a in 0.18s
2024.06.25 00:03:44 INFO  time: indexed workspace in 1.07s
2024.06.25 00:03:45 WARN  Could not find semantic tokens for: file:///D:/university%20ucsc%202nd%20year/semester%201%20year%202/SCS2204%20Functional%20Programming/scala/Scala-Lab-Sheets/Practical_2/q2.scala
2024.06.25 00:04:11 WARN  Could not find semantic tokens for: file:///D:/university%20ucsc%202nd%20year/semester%201%20year%202/SCS2204%20Functional%20Programming/scala/Scala-Lab-Sheets/Practical_2/q2.scala
2024.06.25 00:04:24 INFO  compiling scala-lab-sheets_f4dd477a3a (1 scala source)
2024.06.25 00:04:24 INFO  time: compiled Scala-Lab-Sheets_f4dd477a3a in 0.53s
2024.06.25 00:04:29 INFO  compiling scala-lab-sheets_f4dd477a3a (1 scala source)
2024.06.25 00:04:29 INFO  time: compiled Scala-Lab-Sheets_f4dd477a3a in 0.28s
2024.06.25 00:04:31 INFO  compiling scala-lab-sheets_f4dd477a3a (1 scala source)
2024.06.25 00:04:31 INFO  time: compiled Scala-Lab-Sheets_f4dd477a3a in 0.39s
2024.06.25 00:04:31 INFO  compiling scala-lab-sheets_f4dd477a3a (1 scala source)
2024.06.25 00:04:33 INFO  time: compiled Scala-Lab-Sheets_f4dd477a3a in 0.3s
2024.06.25 00:04:43 INFO  compiling scala-lab-sheets_f4dd477a3a (1 scala source)
2024.06.25 00:04:43 INFO  time: compiled Scala-Lab-Sheets_f4dd477a3a in 0.22s
2024.06.25 00:06:05 INFO  no build target found for D:\university ucsc 2nd year\semester 1 year 2\SCS2204 Functional Programming\scala\Scala-Lab-Sheets\Practical_2\q3.scala. Using presentation compiler with project's scala-library version: 3.3.3
2024.06.25 00:06:05 INFO  no build target found for D:\university ucsc 2nd year\semester 1 year 2\SCS2204 Functional Programming\scala\Scala-Lab-Sheets\Practical_2\q3.scala. Using presentation compiler with project's scala-library version: 3.3.3
2024.06.25 00:06:05 WARN  Could not find semantic tokens for: file:///D:/university%20ucsc%202nd%20year/semester%201%20year%202/SCS2204%20Functional%20Programming/scala/Scala-Lab-Sheets/Practical_2/q3.scala
2024.06.25 00:06:05 INFO  compiling scala-lab-sheets_f4dd477a3a (1 scala source)
2024.06.25 00:06:05 INFO  time: compiled Scala-Lab-Sheets_f4dd477a3a in 89ms
2024.06.25 00:06:05 INFO  time: indexed workspace in 0.77s
2024.06.25 00:06:06 WARN  Could not find semantic tokens for: file:///D:/university%20ucsc%202nd%20year/semester%201%20year%202/SCS2204%20Functional%20Programming/scala/Scala-Lab-Sheets/Practical_2/q3.scala
2024.06.25 00:06:46 INFO  compiling scala-lab-sheets_f4dd477a3a (1 scala source)
2024.06.25 00:06:46 INFO  time: compiled Scala-Lab-Sheets_f4dd477a3a in 0.33s
2024.06.25 00:06:52 INFO  compiling scala-lab-sheets_f4dd477a3a (1 scala source)
2024.06.25 00:06:52 INFO  time: compiled Scala-Lab-Sheets_f4dd477a3a in 0.2s
2024.06.25 00:08:19 INFO  compiling scala-lab-sheets_f4dd477a3a (1 scala source)
2024.06.25 00:08:19 INFO  time: compiled Scala-Lab-Sheets_f4dd477a3a in 0.14s
2024.06.25 00:08:23 INFO  compiling scala-lab-sheets_f4dd477a3a (1 scala source)
2024.06.25 00:08:23 INFO  time: compiled Scala-Lab-Sheets_f4dd477a3a in 0.18s
2024.06.25 00:08:28 INFO  compiling scala-lab-sheets_f4dd477a3a (1 scala source)
2024.06.25 00:08:28 INFO  time: compiled Scala-Lab-Sheets_f4dd477a3a in 0.18s
2024.06.25 00:08:32 INFO  compiling scala-lab-sheets_f4dd477a3a (1 scala source)
2024.06.25 00:08:32 INFO  time: compiled Scala-Lab-Sheets_f4dd477a3a in 0.17s
2024.06.25 00:09:01 INFO  compiling scala-lab-sheets_f4dd477a3a (1 scala source)
2024.06.25 00:09:01 INFO  time: compiled Scala-Lab-Sheets_f4dd477a3a in 97ms
Jun 25, 2024 12:09:03 AM org.eclipse.lsp4j.jsonrpc.RemoteEndpoint handleCancellation
WARNING: Unmatched cancel notification for request id 406
2024.06.25 00:09:04 INFO  compiling scala-lab-sheets_f4dd477a3a (1 scala source)
2024.06.25 00:09:04 INFO  time: compiled Scala-Lab-Sheets_f4dd477a3a in 0.16s
2024.06.25 00:09:11 INFO  compiling scala-lab-sheets_f4dd477a3a (1 scala source)
2024.06.25 00:09:11 INFO  time: compiled Scala-Lab-Sheets_f4dd477a3a in 0.17s
2024.06.25 00:09:31 INFO  compiling scala-lab-sheets_f4dd477a3a (1 scala source)
2024.06.25 00:09:31 INFO  time: compiled Scala-Lab-Sheets_f4dd477a3a in 0.17s
2024.06.25 00:10:40 INFO  no build target found for D:\university ucsc 2nd year\semester 1 year 2\SCS2204 Functional Programming\scala\Scala-Lab-Sheets\Practical_2\q4.scala. Using presentation compiler with project's scala-library version: 3.3.3
2024.06.25 00:10:40 INFO  no build target found for D:\university ucsc 2nd year\semester 1 year 2\SCS2204 Functional Programming\scala\Scala-Lab-Sheets\Practical_2\q4.scala. Using presentation compiler with project's scala-library version: 3.3.3
2024.06.25 00:10:40 WARN  Could not find semantic tokens for: file:///D:/university%20ucsc%202nd%20year/semester%201%20year%202/SCS2204%20Functional%20Programming/scala/Scala-Lab-Sheets/Practical_2/q4.scala
2024.06.25 00:10:40 INFO  compiling scala-lab-sheets_f4dd477a3a (1 scala source)
2024.06.25 00:10:40 INFO  time: compiled Scala-Lab-Sheets_f4dd477a3a in 54ms
2024.06.25 00:10:40 INFO  time: indexed workspace in 0.74s
2024.06.25 00:10:41 WARN  Could not find semantic tokens for: file:///D:/university%20ucsc%202nd%20year/semester%201%20year%202/SCS2204%20Functional%20Programming/scala/Scala-Lab-Sheets/Practical_2/q4.scala
2024.06.25 00:11:38 WARN  Could not find semantic tokens for: file:///D:/university%20ucsc%202nd%20year/semester%201%20year%202/SCS2204%20Functional%20Programming/scala/Scala-Lab-Sheets/Practical_2/q4.scala
2024.06.25 00:11:39 INFO  compiling scala-lab-sheets_f4dd477a3a (1 scala source)
2024.06.25 00:11:39 INFO  time: compiled Scala-Lab-Sheets_f4dd477a3a in 46ms
2024.06.25 00:11:39 WARN  Could not find semantic tokens for: file:///D:/university%20ucsc%202nd%20year/semester%201%20year%202/SCS2204%20Functional%20Programming/scala/Scala-Lab-Sheets/Practical_2/q4.scala
2024.06.25 00:11:39 WARN  Could not find semantic tokens for: file:///D:/university%20ucsc%202nd%20year/semester%201%20year%202/SCS2204%20Functional%20Programming/scala/Scala-Lab-Sheets/Practical_2/q4.scala
2024.06.25 00:11:40 INFO  compiling scala-lab-sheets_f4dd477a3a (1 scala source)
2024.06.25 00:11:40 INFO  time: compiled Scala-Lab-Sheets_f4dd477a3a in 38ms
2024.06.25 00:11:40 WARN  Could not find semantic tokens for: file:///D:/university%20ucsc%202nd%20year/semester%201%20year%202/SCS2204%20Functional%20Programming/scala/Scala-Lab-Sheets/Practical_2/q4.scala
2024.06.25 00:11:48 INFO  compiling scala-lab-sheets_f4dd477a3a (1 scala source)
2024.06.25 00:11:48 INFO  time: compiled Scala-Lab-Sheets_f4dd477a3a in 0.23s
2024.06.25 00:11:54 INFO  compiling scala-lab-sheets_f4dd477a3a (1 scala source)
2024.06.25 00:11:54 INFO  time: compiled Scala-Lab-Sheets_f4dd477a3a in 0.15s
2024.06.25 00:12:29 INFO  Shutting down server
2024.06.25 00:12:29 INFO  shutting down Metals
2024.06.25 00:12:29 INFO  Shut down connection with build server.
2024.06.25 00:12:29 INFO  Exiting server
2024.06.25 09:35:27 INFO  Started: Metals version 1.3.2 in folders 'D:\university ucsc 2nd year\semester 1 year 2\SCS2204 Functional Programming\scala\Scala-Lab-Sheets' for client Visual Studio Code 1.90.2.
SLF4J(W): Class path contains multiple SLF4J providers.
SLF4J(W): Found provider [scribe.slf4j.ScribeServiceProvider@6e474ddd]
SLF4J(W): Found provider [ch.qos.logback.classic.spi.LogbackServiceProvider@77126293]
SLF4J(W): See https://www.slf4j.org/codes.html#multiple_bindings for an explanation.
SLF4J(I): Actual provider is of type [scribe.slf4j.ScribeServiceProvider@6e474ddd]
2024.06.25 09:35:27 WARN  Flyway upgrade recommended: H2 2.2.224 is newer than this version of Flyway and support has not been tested. The latest supported version of H2 is 2.2.220.
2024.06.25 09:35:28 INFO  no build target found for D:\university ucsc 2nd year\semester 1 year 2\SCS2204 Functional Programming\scala\Scala-Lab-Sheets\Practical_2\q3.scala. Using presentation compiler with project's scala-library version: 3.3.3
2024.06.25 09:35:29 INFO  Attempting to connect to the build server...
2024.06.25 09:35:29 INFO  Running BSP server List(C:\Users\Malin\AppData\Local\Coursier\data\bin\.scala-cli.aux.exe, bsp, --json-options, D:\university ucsc 2nd year\semester 1 year 2\SCS2204 Functional Programming\scala\Scala-Lab-Sheets\.scala-build\ide-options-v2.json, --json-launcher-options, D:\university ucsc 2nd year\semester 1 year 2\SCS2204 Functional Programming\scala\Scala-Lab-Sheets\.scala-build\ide-launcher-options.json, --envs-file, D:\university ucsc 2nd year\semester 1 year 2\SCS2204 Functional Programming\scala\Scala-Lab-Sheets\.scala-build\ide-envs.json, D:\university ucsc 2nd year\semester 1 year 2\SCS2204 Functional Programming\scala\Scala-Lab-Sheets)
2024.06.25 09:35:30 INFO  tracing is disabled for protocol BSP, to enable tracing of incoming and outgoing JSON messages create an empty file at D:\university ucsc 2nd year\semester 1 year 2\SCS2204 Functional Programming\scala\Scala-Lab-Sheets\.metals\bsp.trace.json or C:\Users\Malin\AppData\Local\scalameta\metals\cache\bsp.trace.json
2024.06.25 09:35:34 INFO  time: Connected to build server in 4.76s
2024.06.25 09:35:34 INFO  Connected to Build server: scala-cli v1.3.2
2024.06.25 09:35:34 INFO  time: Imported build in 0.1s
2024.06.25 09:35:36 INFO  time: indexed workspace in 2.2s
2024.06.25 09:36:35 INFO  Shutting down server
2024.06.25 09:36:35 INFO  shutting down Metals
2024.06.25 09:36:35 INFO  Shut down connection with build server.
2024.06.25 09:36:35 INFO  Exiting server
2024.06.27 13:37:10 INFO  Started: Metals version 1.3.2 in folders 'D:\university ucsc 2nd year\semester 1 year 2\SCS2204 Functional Programming\scala\Scala-Lab-Sheets' for client Visual Studio Code 1.90.2.
SLF4J(W): Class path contains multiple SLF4J providers.
SLF4J(W): Found provider [scribe.slf4j.ScribeServiceProvider@530249d1]
SLF4J(W): Found provider [ch.qos.logback.classic.spi.LogbackServiceProvider@59ae3bce]
SLF4J(W): See https://www.slf4j.org/codes.html#multiple_bindings for an explanation.
SLF4J(I): Actual provider is of type [scribe.slf4j.ScribeServiceProvider@530249d1]
2024.06.27 13:37:10 WARN  Flyway upgrade recommended: H2 2.2.224 is newer than this version of Flyway and support has not been tested. The latest supported version of H2 is 2.2.220.
2024.06.27 13:37:12 INFO  no build target found for D:\university ucsc 2nd year\semester 1 year 2\SCS2204 Functional Programming\scala\Scala-Lab-Sheets\Practical_2\q3.scala. Using presentation compiler with project's scala-library version: 3.3.3
2024.06.27 13:37:13 INFO  Attempting to connect to the build server...
2024.06.27 13:37:13 INFO  Running BSP server List(C:\Users\Malin\AppData\Local\Coursier\data\bin\.scala-cli.aux.exe, bsp, --json-options, D:\university ucsc 2nd year\semester 1 year 2\SCS2204 Functional Programming\scala\Scala-Lab-Sheets\.scala-build\ide-options-v2.json, --json-launcher-options, D:\university ucsc 2nd year\semester 1 year 2\SCS2204 Functional Programming\scala\Scala-Lab-Sheets\.scala-build\ide-launcher-options.json, --envs-file, D:\university ucsc 2nd year\semester 1 year 2\SCS2204 Functional Programming\scala\Scala-Lab-Sheets\.scala-build\ide-envs.json, D:\university ucsc 2nd year\semester 1 year 2\SCS2204 Functional Programming\scala\Scala-Lab-Sheets)
2024.06.27 13:37:13 INFO  tracing is disabled for protocol BSP, to enable tracing of incoming and outgoing JSON messages create an empty file at D:\university ucsc 2nd year\semester 1 year 2\SCS2204 Functional Programming\scala\Scala-Lab-Sheets\.metals\bsp.trace.json or C:\Users\Malin\AppData\Local\scalameta\metals\cache\bsp.trace.json
2024.06.27 13:37:17 INFO  BSP server: Starting compilation server
2024.06.27 13:37:26 INFO  time: Connected to build server in 13s
2024.06.27 13:37:26 INFO  Connected to Build server: scala-cli v1.3.2
2024.06.27 13:37:26 INFO  time: Imported build in 0.15s
2024.06.27 13:37:29 INFO  time: indexed workspace in 2.83s
2024.06.27 13:37:32 INFO  Shutting down server
2024.06.27 13:37:32 INFO  shutting down Metals
2024.06.27 13:37:33 INFO  Shut down connection with build server.
2024.06.27 13:37:32 INFO  Exiting server
2024.07.01 19:48:21 INFO  Started: Metals version 1.3.2 in folders 'D:\university ucsc 2nd year\semester 1 year 2\SCS2204 Functional Programming\scala\Scala-Lab-Sheets' for client Visual Studio Code 1.90.2.
SLF4J(W): Class path contains multiple SLF4J providers.
SLF4J(W): Found provider [scribe.slf4j.ScribeServiceProvider@1371cd5f]
SLF4J(W): Found provider [ch.qos.logback.classic.spi.LogbackServiceProvider@43fc4a53]
SLF4J(W): See https://www.slf4j.org/codes.html#multiple_bindings for an explanation.
SLF4J(I): Actual provider is of type [scribe.slf4j.ScribeServiceProvider@1371cd5f]
2024.07.01 19:48:21 WARN  Flyway upgrade recommended: H2 2.2.224 is newer than this version of Flyway and support has not been tested. The latest supported version of H2 is 2.2.220.
2024.07.01 19:48:22 INFO  no build target found for D:\university ucsc 2nd year\semester 1 year 2\SCS2204 Functional Programming\scala\Scala-Lab-Sheets\Practical_2\q3.scala. Using presentation compiler with project's scala-library version: 3.3.3
2024.07.01 19:48:23 INFO  Attempting to connect to the build server...
2024.07.01 19:48:23 INFO  Running BSP server List(C:\Users\Malin\AppData\Local\Coursier\data\bin\.scala-cli.aux.exe, bsp, --json-options, D:\university ucsc 2nd year\semester 1 year 2\SCS2204 Functional Programming\scala\Scala-Lab-Sheets\.scala-build\ide-options-v2.json, --json-launcher-options, D:\university ucsc 2nd year\semester 1 year 2\SCS2204 Functional Programming\scala\Scala-Lab-Sheets\.scala-build\ide-launcher-options.json, --envs-file, D:\university ucsc 2nd year\semester 1 year 2\SCS2204 Functional Programming\scala\Scala-Lab-Sheets\.scala-build\ide-envs.json, D:\university ucsc 2nd year\semester 1 year 2\SCS2204 Functional Programming\scala\Scala-Lab-Sheets)
2024.07.01 19:48:25 INFO  tracing is disabled for protocol BSP, to enable tracing of incoming and outgoing JSON messages create an empty file at D:\university ucsc 2nd year\semester 1 year 2\SCS2204 Functional Programming\scala\Scala-Lab-Sheets\.metals\bsp.trace.json or C:\Users\Malin\AppData\Local\scalameta\metals\cache\bsp.trace.json
2024.07.01 19:48:28 INFO  BSP server: Starting compilation server
2024.07.01 19:48:34 INFO  time: Connected to build server in 11s
2024.07.01 19:48:34 INFO  Connected to Build server: scala-cli v1.3.2
2024.07.01 19:48:42 INFO  time: indexed workspace in 8.04s
2024.07.01 19:51:20 INFO  no build target found for D:\university ucsc 2nd year\semester 1 year 2\SCS2204 Functional Programming\scala\Scala-Lab-Sheets\Practical_3\q1.scala. Using presentation compiler with project's scala-library version: 3.3.3
2024.07.01 19:51:20 INFO  no build target found for D:\university ucsc 2nd year\semester 1 year 2\SCS2204 Functional Programming\scala\Scala-Lab-Sheets\Practical_3\q1.scala. Using presentation compiler with project's scala-library version: 3.3.3
2024.07.01 19:51:20 WARN  Could not find semantic tokens for: file:///D:/university%20ucsc%202nd%20year/semester%201%20year%202/SCS2204%20Functional%20Programming/scala/Scala-Lab-Sheets/Practical_3/q1.scala
2024.07.01 19:51:21 INFO  compiling scala-lab-sheets_f4dd477a3a (1 scala source)
2024.07.01 19:51:20 INFO  time: indexed workspace in 0.81s
2024.07.01 19:51:21 INFO  Deduplicating compilation of Scala-Lab-Sheets_f4dd477a3a from bsp client 'scala-cli 1.3.2' (since 2m 48.136s)
2024.07.01 19:51:21 INFO  compiling scala-lab-sheets_f4dd477a3a (1 scala source)
2024.07.01 19:51:22 INFO  time: compiled Scala-Lab-Sheets_f4dd477a3a in 0.48s
2024.07.01 19:51:22 WARN  Could not find semantic tokens for: file:///D:/university%20ucsc%202nd%20year/semester%201%20year%202/SCS2204%20Functional%20Programming/scala/Scala-Lab-Sheets/Practical_3/q1.scala
2024.07.01 19:52:11 ERROR Failed to tokenize input for semantic tokens for D:\university ucsc 2nd year\semester 1 year 2\SCS2204 Functional Programming\scala\Scala-Lab-Sheets\Practical_3\q1.scala
scala.meta.tokenizers.TokenizeException: <input>:18: error: illegal character '\u00a0'
  }
^
	at scala.meta.internal.tokenizers.Reporter.syntaxError(Reporter.scala:23)
	at scala.meta.internal.tokenizers.Reporter.syntaxError$(Reporter.scala:23)
	at scala.meta.internal.tokenizers.Reporter$$anon$1.syntaxError(Reporter.scala:32)
	at scala.meta.internal.tokenizers.Reporter.syntaxError(Reporter.scala:25)
	at scala.meta.internal.tokenizers.Reporter.syntaxError$(Reporter.scala:25)
	at scala.meta.internal.tokenizers.Reporter$$anon$1.syntaxError(Reporter.scala:32)
	at scala.meta.internal.tokenizers.LegacyScanner.fetchOther$1(LegacyScanner.scala:439)
	at scala.meta.internal.tokenizers.LegacyScanner.fetchToken(LegacyScanner.scala:443)
	at scala.meta.internal.tokenizers.LegacyScanner.nextToken(LegacyScanner.scala:201)
	at scala.meta.internal.tokenizers.LegacyScanner.foreach(LegacyScanner.scala:912)
	at scala.meta.internal.tokenizers.ScalametaTokenizer.uncachedTokenize(ScalametaTokenizer.scala:23)
	at scala.meta.internal.tokenizers.ScalametaTokenizer.$anonfun$tokenize$1(ScalametaTokenizer.scala:17)
	at scala.collection.concurrent.TrieMap.getOrElseUpdate(TrieMap.scala:960)
	at scala.meta.internal.tokenizers.ScalametaTokenizer.tokenize(ScalametaTokenizer.scala:17)
	at scala.meta.internal.tokenizers.ScalametaTokenizer$$anon$2.apply(ScalametaTokenizer.scala:322)
	at scala.meta.tokenizers.Api$XtensionTokenizeDialectInput.tokenize(Api.scala:22)
	at scala.meta.tokenizers.Api$XtensionTokenizeInputLike.tokenize(Api.scala:13)
	at scala.meta.internal.metals.SemanticTokensProvider$.getTokens(SemanticTokensProvider.scala:28)
	at scala.meta.internal.metals.SemanticTokensProvider$.provide(SemanticTokensProvider.scala:89)
	at scala.meta.internal.metals.Compilers.$anonfun$semanticTokens$3(Compilers.scala:545)
	at scala.concurrent.impl.Promise$Transformation.run(Promise.scala:467)
	at java.util.concurrent.ThreadPoolExecutor.runWorker(ThreadPoolExecutor.java:1136)
	at java.util.concurrent.ThreadPoolExecutor$Worker.run(ThreadPoolExecutor.java:635)
	at java.lang.Thread.run(Thread.java:833)

2024.07.01 19:52:12 INFO  compiling scala-lab-sheets_f4dd477a3a (1 scala source)
2024.07.01 19:52:12 INFO  time: compiled Scala-Lab-Sheets_f4dd477a3a in 0.69s
2024.07.01 19:52:12 ERROR Failed to tokenize input for semantic tokens for D:\university ucsc 2nd year\semester 1 year 2\SCS2204 Functional Programming\scala\Scala-Lab-Sheets\Practical_3\q1.scala
scala.meta.tokenizers.TokenizeException: <input>:18: error: illegal character '\u00a0'
  }
^
	at scala.meta.internal.tokenizers.Reporter.syntaxError(Reporter.scala:23)
	at scala.meta.internal.tokenizers.Reporter.syntaxError$(Reporter.scala:23)
	at scala.meta.internal.tokenizers.Reporter$$anon$1.syntaxError(Reporter.scala:32)
	at scala.meta.internal.tokenizers.Reporter.syntaxError(Reporter.scala:25)
	at scala.meta.internal.tokenizers.Reporter.syntaxError$(Reporter.scala:25)
	at scala.meta.internal.tokenizers.Reporter$$anon$1.syntaxError(Reporter.scala:32)
	at scala.meta.internal.tokenizers.LegacyScanner.fetchOther$1(LegacyScanner.scala:439)
	at scala.meta.internal.tokenizers.LegacyScanner.fetchToken(LegacyScanner.scala:443)
	at scala.meta.internal.tokenizers.LegacyScanner.nextToken(LegacyScanner.scala:201)
	at scala.meta.internal.tokenizers.LegacyScanner.foreach(LegacyScanner.scala:912)
	at scala.meta.internal.tokenizers.ScalametaTokenizer.uncachedTokenize(ScalametaTokenizer.scala:23)
	at scala.meta.internal.tokenizers.ScalametaTokenizer.$anonfun$tokenize$1(ScalametaTokenizer.scala:17)
	at scala.collection.concurrent.TrieMap.getOrElseUpdate(TrieMap.scala:960)
	at scala.meta.internal.tokenizers.ScalametaTokenizer.tokenize(ScalametaTokenizer.scala:17)
	at scala.meta.internal.tokenizers.ScalametaTokenizer$$anon$2.apply(ScalametaTokenizer.scala:322)
	at scala.meta.tokenizers.Api$XtensionTokenizeDialectInput.tokenize(Api.scala:22)
	at scala.meta.tokenizers.Api$XtensionTokenizeInputLike.tokenize(Api.scala:13)
	at scala.meta.internal.metals.SemanticTokensProvider$.getTokens(SemanticTokensProvider.scala:28)
	at scala.meta.internal.metals.SemanticTokensProvider$.provide(SemanticTokensProvider.scala:89)
	at scala.meta.internal.metals.Compilers.$anonfun$semanticTokens$3(Compilers.scala:545)
	at scala.concurrent.impl.Promise$Transformation.run(Promise.scala:467)
	at java.util.concurrent.ThreadPoolExecutor.runWorker(ThreadPoolExecutor.java:1136)
	at java.util.concurrent.ThreadPoolExecutor$Worker.run(ThreadPoolExecutor.java:635)
	at java.lang.Thread.run(Thread.java:833)

2024.07.01 19:52:18 ERROR Failed to tokenize input for semantic tokens for D:\university ucsc 2nd year\semester 1 year 2\SCS2204 Functional Programming\scala\Scala-Lab-Sheets\Practical_3\q1.scala
scala.meta.tokenizers.TokenizeException: <input>:18: error: illegal character '\u00a0'
 }
^
	at scala.meta.internal.tokenizers.Reporter.syntaxError(Reporter.scala:23)
	at scala.meta.internal.tokenizers.Reporter.syntaxError$(Reporter.scala:23)
	at scala.meta.internal.tokenizers.Reporter$$anon$1.syntaxError(Reporter.scala:32)
	at scala.meta.internal.tokenizers.Reporter.syntaxError(Reporter.scala:25)
	at scala.meta.internal.tokenizers.Reporter.syntaxError$(Reporter.scala:25)
	at scala.meta.internal.tokenizers.Reporter$$anon$1.syntaxError(Reporter.scala:32)
	at scala.meta.internal.tokenizers.LegacyScanner.fetchOther$1(LegacyScanner.scala:439)
	at scala.meta.internal.tokenizers.LegacyScanner.fetchToken(LegacyScanner.scala:443)
	at scala.meta.internal.tokenizers.LegacyScanner.nextToken(LegacyScanner.scala:201)
	at scala.meta.internal.tokenizers.LegacyScanner.foreach(LegacyScanner.scala:912)
	at scala.meta.internal.tokenizers.ScalametaTokenizer.uncachedTokenize(ScalametaTokenizer.scala:23)
	at scala.meta.internal.tokenizers.ScalametaTokenizer.$anonfun$tokenize$1(ScalametaTokenizer.scala:17)
	at scala.collection.concurrent.TrieMap.getOrElseUpdate(TrieMap.scala:960)
	at scala.meta.internal.tokenizers.ScalametaTokenizer.tokenize(ScalametaTokenizer.scala:17)
	at scala.meta.internal.tokenizers.ScalametaTokenizer$$anon$2.apply(ScalametaTokenizer.scala:322)
	at scala.meta.tokenizers.Api$XtensionTokenizeDialectInput.tokenize(Api.scala:22)
	at scala.meta.tokenizers.Api$XtensionTokenizeInputLike.tokenize(Api.scala:13)
	at scala.meta.internal.metals.SemanticTokensProvider$.getTokens(SemanticTokensProvider.scala:28)
	at scala.meta.internal.metals.SemanticTokensProvider$.provide(SemanticTokensProvider.scala:89)
	at scala.meta.internal.metals.Compilers.$anonfun$semanticTokens$3(Compilers.scala:545)
	at scala.concurrent.impl.Promise$Transformation.run(Promise.scala:467)
	at java.util.concurrent.ThreadPoolExecutor.runWorker(ThreadPoolExecutor.java:1136)
	at java.util.concurrent.ThreadPoolExecutor$Worker.run(ThreadPoolExecutor.java:635)
	at java.lang.Thread.run(Thread.java:833)

2024.07.01 19:52:19 INFO  compiling scala-lab-sheets_f4dd477a3a (1 scala source)
2024.07.01 19:52:19 INFO  time: compiled Scala-Lab-Sheets_f4dd477a3a in 0.76s
2024.07.01 19:52:23 INFO  compiling scala-lab-sheets_f4dd477a3a (1 scala source)
2024.07.01 19:52:23 INFO  time: compiled Scala-Lab-Sheets_f4dd477a3a in 0.33s
2024.07.01 19:52:27 INFO  compiling scala-lab-sheets_f4dd477a3a (1 scala source)
2024.07.01 19:52:27 INFO  time: compiled Scala-Lab-Sheets_f4dd477a3a in 0.29s
2024.07.01 19:52:30 INFO  compiling scala-lab-sheets_f4dd477a3a (1 scala source)
2024.07.01 19:52:30 INFO  time: compiled Scala-Lab-Sheets_f4dd477a3a in 0.22s
2024.07.01 19:52:44 INFO  compiling scala-lab-sheets_f4dd477a3a (1 scala source)
2024.07.01 19:52:44 INFO  time: compiled Scala-Lab-Sheets_f4dd477a3a in 0.2s
2024.07.01 19:53:49 INFO  compiling scala-lab-sheets_f4dd477a3a (2 scala sources)
2024.07.01 19:53:49 INFO  time: compiled Scala-Lab-Sheets_f4dd477a3a in 0.19s
2024.07.01 19:53:51 INFO  compiling scala-lab-sheets_f4dd477a3a (2 scala sources)
2024.07.01 19:53:51 INFO  time: compiled Scala-Lab-Sheets_f4dd477a3a in 0.12s
2024.07.01 19:53:56 INFO  compiling scala-lab-sheets_f4dd477a3a (2 scala sources)
2024.07.01 19:53:56 INFO  time: compiled Scala-Lab-Sheets_f4dd477a3a in 0.11s
2024.07.01 19:53:58 INFO  compiling scala-lab-sheets_f4dd477a3a (2 scala sources)
2024.07.01 19:53:58 INFO  time: compiled Scala-Lab-Sheets_f4dd477a3a in 0.11s
2024.07.01 19:54:02 INFO  file:///D:/university%20ucsc%202nd%20year/semester%201%20year%202/SCS2204%20Functional%20Programming/scala/Scala-Lab-Sheets/Practical_3/q1.scala:3:1: stale bloop error: q1 is already defined as object q1 in D:\university ucsc 2nd year\semester 1 year 2\SCS2204 Functional Programming\scala\Scala-Lab-Sheets\Practical_2\q1.scala
object q1 {
^
2024.07.01 19:54:02 WARN  Could not find semantic tokens for: file:///D:/university%20ucsc%202nd%20year/semester%201%20year%202/SCS2204%20Functional%20Programming/scala/Scala-Lab-Sheets/Practical_3/q1.scala
2024.07.01 19:54:03 INFO  compiling scala-lab-sheets_f4dd477a3a (2 scala sources)
2024.07.01 19:54:03 INFO  time: compiled Scala-Lab-Sheets_f4dd477a3a in 0.21s
2024.07.01 19:54:03 WARN  Could not find semantic tokens for: file:///D:/university%20ucsc%202nd%20year/semester%201%20year%202/SCS2204%20Functional%20Programming/scala/Scala-Lab-Sheets/Practical_3/q1.scala
2024.07.01 20:05:47 ERROR Failed to tokenize input for semantic tokens for D:\university ucsc 2nd year\semester 1 year 2\SCS2204 Functional Programming\scala\Scala-Lab-Sheets\Practical_3\q1.scala
scala.meta.tokenizers.TokenizeException: <input>:18: error: illegal character '\u00a0'
  }
^
	at scala.meta.internal.tokenizers.Reporter.syntaxError(Reporter.scala:23)
	at scala.meta.internal.tokenizers.Reporter.syntaxError$(Reporter.scala:23)
	at scala.meta.internal.tokenizers.Reporter$$anon$1.syntaxError(Reporter.scala:32)
	at scala.meta.internal.tokenizers.Reporter.syntaxError(Reporter.scala:25)
	at scala.meta.internal.tokenizers.Reporter.syntaxError$(Reporter.scala:25)
	at scala.meta.internal.tokenizers.Reporter$$anon$1.syntaxError(Reporter.scala:32)
	at scala.meta.internal.tokenizers.LegacyScanner.fetchOther$1(LegacyScanner.scala:439)
	at scala.meta.internal.tokenizers.LegacyScanner.fetchToken(LegacyScanner.scala:443)
	at scala.meta.internal.tokenizers.LegacyScanner.nextToken(LegacyScanner.scala:201)
	at scala.meta.internal.tokenizers.LegacyScanner.foreach(LegacyScanner.scala:912)
	at scala.meta.internal.tokenizers.ScalametaTokenizer.uncachedTokenize(ScalametaTokenizer.scala:23)
	at scala.meta.internal.tokenizers.ScalametaTokenizer.$anonfun$tokenize$1(ScalametaTokenizer.scala:17)
	at scala.collection.concurrent.TrieMap.getOrElseUpdate(TrieMap.scala:960)
	at scala.meta.internal.tokenizers.ScalametaTokenizer.tokenize(ScalametaTokenizer.scala:17)
	at scala.meta.internal.tokenizers.ScalametaTokenizer$$anon$2.apply(ScalametaTokenizer.scala:322)
	at scala.meta.tokenizers.Api$XtensionTokenizeDialectInput.tokenize(Api.scala:22)
	at scala.meta.tokenizers.Api$XtensionTokenizeInputLike.tokenize(Api.scala:13)
	at scala.meta.internal.metals.SemanticTokensProvider$.getTokens(SemanticTokensProvider.scala:28)
	at scala.meta.internal.metals.SemanticTokensProvider$.provide(SemanticTokensProvider.scala:89)
	at scala.meta.internal.metals.Compilers.$anonfun$semanticTokens$3(Compilers.scala:545)
	at scala.concurrent.impl.Promise$Transformation.run(Promise.scala:467)
	at java.util.concurrent.ThreadPoolExecutor.runWorker(ThreadPoolExecutor.java:1136)
	at java.util.concurrent.ThreadPoolExecutor$Worker.run(ThreadPoolExecutor.java:635)
	at java.lang.Thread.run(Thread.java:833)

2024.07.01 20:05:48 INFO  compiling scala-lab-sheets_f4dd477a3a (1 scala source)
2024.07.01 20:05:48 INFO  time: compiled Scala-Lab-Sheets_f4dd477a3a in 0.12s
2024.07.01 20:05:48 ERROR Failed to tokenize input for semantic tokens for D:\university ucsc 2nd year\semester 1 year 2\SCS2204 Functional Programming\scala\Scala-Lab-Sheets\Practical_3\q1.scala
scala.meta.tokenizers.TokenizeException: <input>:18: error: illegal character '\u00a0'
  }
^
	at scala.meta.internal.tokenizers.Reporter.syntaxError(Reporter.scala:23)
	at scala.meta.internal.tokenizers.Reporter.syntaxError$(Reporter.scala:23)
	at scala.meta.internal.tokenizers.Reporter$$anon$1.syntaxError(Reporter.scala:32)
	at scala.meta.internal.tokenizers.Reporter.syntaxError(Reporter.scala:25)
	at scala.meta.internal.tokenizers.Reporter.syntaxError$(Reporter.scala:25)
	at scala.meta.internal.tokenizers.Reporter$$anon$1.syntaxError(Reporter.scala:32)
	at scala.meta.internal.tokenizers.LegacyScanner.fetchOther$1(LegacyScanner.scala:439)
	at scala.meta.internal.tokenizers.LegacyScanner.fetchToken(LegacyScanner.scala:443)
	at scala.meta.internal.tokenizers.LegacyScanner.nextToken(LegacyScanner.scala:201)
	at scala.meta.internal.tokenizers.LegacyScanner.foreach(LegacyScanner.scala:912)
	at scala.meta.internal.tokenizers.ScalametaTokenizer.uncachedTokenize(ScalametaTokenizer.scala:23)
	at scala.meta.internal.tokenizers.ScalametaTokenizer.$anonfun$tokenize$1(ScalametaTokenizer.scala:17)
	at scala.collection.concurrent.TrieMap.getOrElseUpdate(TrieMap.scala:960)
	at scala.meta.internal.tokenizers.ScalametaTokenizer.tokenize(ScalametaTokenizer.scala:17)
	at scala.meta.internal.tokenizers.ScalametaTokenizer$$anon$2.apply(ScalametaTokenizer.scala:322)
	at scala.meta.tokenizers.Api$XtensionTokenizeDialectInput.tokenize(Api.scala:22)
	at scala.meta.tokenizers.Api$XtensionTokenizeInputLike.tokenize(Api.scala:13)
	at scala.meta.internal.metals.SemanticTokensProvider$.getTokens(SemanticTokensProvider.scala:28)
	at scala.meta.internal.metals.SemanticTokensProvider$.provide(SemanticTokensProvider.scala:89)
	at scala.meta.internal.metals.Compilers.$anonfun$semanticTokens$3(Compilers.scala:545)
	at scala.concurrent.impl.Promise$Transformation.run(Promise.scala:467)
	at java.util.concurrent.ThreadPoolExecutor.runWorker(ThreadPoolExecutor.java:1136)
	at java.util.concurrent.ThreadPoolExecutor$Worker.run(ThreadPoolExecutor.java:635)
	at java.lang.Thread.run(Thread.java:833)

2024.07.01 20:05:50 ERROR Failed to tokenize input for semantic tokens for D:\university ucsc 2nd year\semester 1 year 2\SCS2204 Functional Programming\scala\Scala-Lab-Sheets\Practical_3\q1.scala
scala.meta.tokenizers.TokenizeException: <input>:18: error: illegal character '\u00a0'
 }
^
	at scala.meta.internal.tokenizers.Reporter.syntaxError(Reporter.scala:23)
	at scala.meta.internal.tokenizers.Reporter.syntaxError$(Reporter.scala:23)
	at scala.meta.internal.tokenizers.Reporter$$anon$1.syntaxError(Reporter.scala:32)
	at scala.meta.internal.tokenizers.Reporter.syntaxError(Reporter.scala:25)
	at scala.meta.internal.tokenizers.Reporter.syntaxError$(Reporter.scala:25)
	at scala.meta.internal.tokenizers.Reporter$$anon$1.syntaxError(Reporter.scala:32)
	at scala.meta.internal.tokenizers.LegacyScanner.fetchOther$1(LegacyScanner.scala:439)
	at scala.meta.internal.tokenizers.LegacyScanner.fetchToken(LegacyScanner.scala:443)
	at scala.meta.internal.tokenizers.LegacyScanner.nextToken(LegacyScanner.scala:201)
	at scala.meta.internal.tokenizers.LegacyScanner.foreach(LegacyScanner.scala:912)
	at scala.meta.internal.tokenizers.ScalametaTokenizer.uncachedTokenize(ScalametaTokenizer.scala:23)
	at scala.meta.internal.tokenizers.ScalametaTokenizer.$anonfun$tokenize$1(ScalametaTokenizer.scala:17)
	at scala.collection.concurrent.TrieMap.getOrElseUpdate(TrieMap.scala:960)
	at scala.meta.internal.tokenizers.ScalametaTokenizer.tokenize(ScalametaTokenizer.scala:17)
	at scala.meta.internal.tokenizers.ScalametaTokenizer$$anon$2.apply(ScalametaTokenizer.scala:322)
	at scala.meta.tokenizers.Api$XtensionTokenizeDialectInput.tokenize(Api.scala:22)
	at scala.meta.tokenizers.Api$XtensionTokenizeInputLike.tokenize(Api.scala:13)
	at scala.meta.internal.metals.SemanticTokensProvider$.getTokens(SemanticTokensProvider.scala:28)
	at scala.meta.internal.metals.SemanticTokensProvider$.provide(SemanticTokensProvider.scala:89)
	at scala.meta.internal.metals.Compilers.$anonfun$semanticTokens$3(Compilers.scala:545)
	at scala.concurrent.impl.Promise$Transformation.run(Promise.scala:467)
	at java.util.concurrent.ThreadPoolExecutor.runWorker(ThreadPoolExecutor.java:1136)
	at java.util.concurrent.ThreadPoolExecutor$Worker.run(ThreadPoolExecutor.java:635)
	at java.lang.Thread.run(Thread.java:833)

2024.07.01 20:05:51 INFO  compiling scala-lab-sheets_f4dd477a3a (1 scala source)
2024.07.01 20:05:51 INFO  time: compiled Scala-Lab-Sheets_f4dd477a3a in 74ms
2024.07.01 20:05:52 INFO  compiling scala-lab-sheets_f4dd477a3a (1 scala source)
2024.07.01 20:05:52 INFO  time: compiled Scala-Lab-Sheets_f4dd477a3a in 0.19s
2024.07.01 20:05:57 INFO  compiling scala-lab-sheets_f4dd477a3a (1 scala source)
2024.07.01 20:05:57 INFO  time: compiled Scala-Lab-Sheets_f4dd477a3a in 0.18s
2024.07.01 20:06:00 INFO  compiling scala-lab-sheets_f4dd477a3a (1 scala source)
2024.07.01 20:06:00 INFO  time: compiled Scala-Lab-Sheets_f4dd477a3a in 0.16s
2024.07.01 20:06:03 INFO  compiling scala-lab-sheets_f4dd477a3a (1 scala source)
2024.07.01 20:06:03 INFO  time: compiled Scala-Lab-Sheets_f4dd477a3a in 0.15s
2024.07.01 20:06:16 INFO  compiling scala-lab-sheets_f4dd477a3a (1 scala source)
2024.07.01 20:06:16 INFO  time: compiled Scala-Lab-Sheets_f4dd477a3a in 0.16s
2024.07.01 20:10:22 INFO  compiling scala-lab-sheets_f4dd477a3a (1 scala source)
2024.07.01 20:10:22 INFO  time: compiled Scala-Lab-Sheets_f4dd477a3a in 0.28s
2024.07.01 20:10:29 INFO  compiling scala-lab-sheets_f4dd477a3a (1 scala source)
2024.07.01 20:10:29 INFO  time: compiled Scala-Lab-Sheets_f4dd477a3a in 0.24s
2024.07.01 20:10:32 INFO  compiling scala-lab-sheets_f4dd477a3a (1 scala source)
2024.07.01 20:10:32 INFO  time: compiled Scala-Lab-Sheets_f4dd477a3a in 0.17s
2024.07.01 20:10:34 INFO  compiling scala-lab-sheets_f4dd477a3a (1 scala source)
2024.07.01 20:10:34 INFO  time: compiled Scala-Lab-Sheets_f4dd477a3a in 0.16s
2024.07.01 20:10:40 INFO  compiling scala-lab-sheets_f4dd477a3a (1 scala source)
2024.07.01 20:10:40 INFO  time: compiled Scala-Lab-Sheets_f4dd477a3a in 0.17s
2024.07.01 20:10:43 INFO  compiling scala-lab-sheets_f4dd477a3a (1 scala source)
2024.07.01 20:10:43 INFO  time: compiled Scala-Lab-Sheets_f4dd477a3a in 0.15s
Jul 01, 2024 8:11:20 PM org.eclipse.lsp4j.jsonrpc.services.GenericEndpoint notify
INFO: Unsupported notification method: $/setTrace
2024.07.01 21:32:11 INFO  no build target found for D:\university ucsc 2nd year\semester 1 year 2\SCS2204 Functional Programming\scala\Scala-Lab-Sheets\Practical_3\q2.scala. Using presentation compiler with project's scala-library version: 3.3.3
2024.07.01 21:32:12 INFO  no build target found for D:\university ucsc 2nd year\semester 1 year 2\SCS2204 Functional Programming\scala\Scala-Lab-Sheets\Practical_3\q2.scala. Using presentation compiler with project's scala-library version: 3.3.3
2024.07.01 21:32:12 WARN  Could not find semantic tokens for: file:///D:/university%20ucsc%202nd%20year/semester%201%20year%202/SCS2204%20Functional%20Programming/scala/Scala-Lab-Sheets/Practical_3/q2.scala
2024.07.01 21:32:12 INFO  compiling scala-lab-sheets_f4dd477a3a (1 scala source)
2024.07.01 21:32:12 INFO  time: compiled Scala-Lab-Sheets_f4dd477a3a in 68ms
2024.07.01 21:32:12 INFO  time: indexed workspace in 0.77s
2024.07.01 21:32:13 WARN  Could not find semantic tokens for: file:///D:/university%20ucsc%202nd%20year/semester%201%20year%202/SCS2204%20Functional%20Programming/scala/Scala-Lab-Sheets/Practical_3/q2.scala
2024.07.01 21:34:20 INFO  compiling scala-lab-sheets_f4dd477a3a (1 scala source)
2024.07.01 21:34:20 INFO  time: compiled Scala-Lab-Sheets_f4dd477a3a in 0.42s
2024.07.01 21:34:29 INFO  compiling scala-lab-sheets_f4dd477a3a (1 scala source)
2024.07.01 21:34:29 INFO  time: compiled Scala-Lab-Sheets_f4dd477a3a in 0.24s
2024.07.01 21:34:32 INFO  compiling scala-lab-sheets_f4dd477a3a (1 scala source)
2024.07.01 21:34:32 INFO  time: compiled Scala-Lab-Sheets_f4dd477a3a in 0.24s
2024.07.01 21:34:35 INFO  compiling scala-lab-sheets_f4dd477a3a (1 scala source)
2024.07.01 21:34:35 INFO  time: compiled Scala-Lab-Sheets_f4dd477a3a in 0.21s
2024.07.01 21:34:37 INFO  compiling scala-lab-sheets_f4dd477a3a (1 scala source)
2024.07.01 21:34:37 INFO  time: compiled Scala-Lab-Sheets_f4dd477a3a in 0.18s
2024.07.01 21:34:41 INFO  compiling scala-lab-sheets_f4dd477a3a (1 scala source)
2024.07.01 21:34:41 INFO  time: compiled Scala-Lab-Sheets_f4dd477a3a in 0.2s
2024.07.01 21:34:56 INFO  compiling scala-lab-sheets_f4dd477a3a (1 scala source)
2024.07.01 21:34:56 INFO  time: compiled Scala-Lab-Sheets_f4dd477a3a in 0.15s
2024.07.01 21:35:00 INFO  compiling scala-lab-sheets_f4dd477a3a (1 scala source)
2024.07.01 21:35:00 INFO  time: compiled Scala-Lab-Sheets_f4dd477a3a in 0.15s
Jul 01, 2024 9:35:04 PM org.eclipse.lsp4j.jsonrpc.RemoteEndpoint handleCancellation
WARNING: Unmatched cancel notification for request id 563
2024.07.01 21:35:11 INFO  compiling scala-lab-sheets_f4dd477a3a (1 scala source)
2024.07.01 21:35:11 INFO  time: compiled Scala-Lab-Sheets_f4dd477a3a in 0.18s
2024.07.01 21:35:14 INFO  compiling scala-lab-sheets_f4dd477a3a (1 scala source)
2024.07.01 21:35:14 INFO  time: compiled Scala-Lab-Sheets_f4dd477a3a in 0.23s
2024.07.01 21:42:05 INFO  no build target found for D:\university ucsc 2nd year\semester 1 year 2\SCS2204 Functional Programming\scala\Scala-Lab-Sheets\Practical_3\q3.scala. Using presentation compiler with project's scala-library version: 3.3.3
2024.07.01 21:42:05 INFO  no build target found for D:\university ucsc 2nd year\semester 1 year 2\SCS2204 Functional Programming\scala\Scala-Lab-Sheets\Practical_3\q3.scala. Using presentation compiler with project's scala-library version: 3.3.3
2024.07.01 21:42:05 WARN  Could not find semantic tokens for: file:///D:/university%20ucsc%202nd%20year/semester%201%20year%202/SCS2204%20Functional%20Programming/scala/Scala-Lab-Sheets/Practical_3/q3.scala
2024.07.01 21:42:05 INFO  compiling scala-lab-sheets_f4dd477a3a (1 scala source)
2024.07.01 21:42:05 INFO  time: compiled Scala-Lab-Sheets_f4dd477a3a in 65ms
2024.07.01 21:42:05 INFO  time: indexed workspace in 0.72s
2024.07.01 21:42:06 WARN  Could not find semantic tokens for: file:///D:/university%20ucsc%202nd%20year/semester%201%20year%202/SCS2204%20Functional%20Programming/scala/Scala-Lab-Sheets/Practical_3/q3.scala
2024.07.01 21:42:09 INFO  compiling scala-lab-sheets_f4dd477a3a (1 scala source)
2024.07.01 21:42:09 INFO  time: compiled Scala-Lab-Sheets_f4dd477a3a in 0.16s
2024.07.01 21:42:17 INFO  compiling scala-lab-sheets_f4dd477a3a (1 scala source)
2024.07.01 21:42:17 INFO  time: compiled Scala-Lab-Sheets_f4dd477a3a in 0.14s
2024.07.01 21:42:20 INFO  compiling scala-lab-sheets_f4dd477a3a (1 scala source)
2024.07.01 21:42:20 INFO  time: compiled Scala-Lab-Sheets_f4dd477a3a in 0.14s
2024.07.01 21:43:21 INFO  no build target found for D:\university ucsc 2nd year\semester 1 year 2\SCS2204 Functional Programming\scala\Scala-Lab-Sheets\Practical_3\q4.scala. Using presentation compiler with project's scala-library version: 3.3.3
2024.07.01 21:43:21 INFO  no build target found for D:\university ucsc 2nd year\semester 1 year 2\SCS2204 Functional Programming\scala\Scala-Lab-Sheets\Practical_3\q4.scala. Using presentation compiler with project's scala-library version: 3.3.3
2024.07.01 21:43:21 WARN  Could not find semantic tokens for: file:///D:/university%20ucsc%202nd%20year/semester%201%20year%202/SCS2204%20Functional%20Programming/scala/Scala-Lab-Sheets/Practical_3/q4.scala
2024.07.01 21:43:22 INFO  compiling scala-lab-sheets_f4dd477a3a (1 scala source)
2024.07.01 21:43:22 INFO  time: compiled Scala-Lab-Sheets_f4dd477a3a in 69ms
2024.07.01 21:43:21 INFO  time: indexed workspace in 0.73s
2024.07.01 21:43:23 WARN  Could not find semantic tokens for: file:///D:/university%20ucsc%202nd%20year/semester%201%20year%202/SCS2204%20Functional%20Programming/scala/Scala-Lab-Sheets/Practical_3/q4.scala
2024.07.01 21:44:40 INFO  compiling scala-lab-sheets_f4dd477a3a (1 scala source)
2024.07.01 21:44:40 INFO  time: compiled Scala-Lab-Sheets_f4dd477a3a in 0.28s
2024.07.01 21:44:44 INFO  compiling scala-lab-sheets_f4dd477a3a (1 scala source)
2024.07.01 21:44:44 INFO  time: compiled Scala-Lab-Sheets_f4dd477a3a in 0.2s
2024.07.01 21:44:48 INFO  compiling scala-lab-sheets_f4dd477a3a (1 scala source)
2024.07.01 21:44:48 INFO  time: compiled Scala-Lab-Sheets_f4dd477a3a in 0.2s
2024.07.01 21:44:52 INFO  compiling scala-lab-sheets_f4dd477a3a (1 scala source)
2024.07.01 21:44:52 INFO  time: compiled Scala-Lab-Sheets_f4dd477a3a in 0.2s
2024.07.01 21:44:55 INFO  compiling scala-lab-sheets_f4dd477a3a (1 scala source)
2024.07.01 21:44:55 INFO  time: compiled Scala-Lab-Sheets_f4dd477a3a in 0.19s
2024.07.01 21:44:59 INFO  compiling scala-lab-sheets_f4dd477a3a (1 scala source)
2024.07.01 21:44:59 INFO  time: compiled Scala-Lab-Sheets_f4dd477a3a in 0.21s
2024.07.01 21:45:06 INFO  compiling scala-lab-sheets_f4dd477a3a (1 scala source)
2024.07.01 21:45:06 INFO  time: compiled Scala-Lab-Sheets_f4dd477a3a in 97ms
2024.07.01 21:46:12 INFO  Shutting down server
2024.07.01 21:46:12 INFO  shutting down Metals
2024.07.01 21:46:12 INFO  Shut down connection with build server.
2024.07.01 21:46:12 INFO  Exiting server
2024.07.02 08:35:16 INFO  Started: Metals version 1.3.2 in folders 'D:\university ucsc 2nd year\semester 1 year 2\SCS2204 Functional Programming\scala\Scala-Lab-Sheets' for client Visual Studio Code 1.90.2.
SLF4J(W): Class path contains multiple SLF4J providers.
SLF4J(W): Found provider [scribe.slf4j.ScribeServiceProvider@520836e7]
SLF4J(W): Found provider [ch.qos.logback.classic.spi.LogbackServiceProvider@72c1d38c]
SLF4J(W): See https://www.slf4j.org/codes.html#multiple_bindings for an explanation.
SLF4J(I): Actual provider is of type [scribe.slf4j.ScribeServiceProvider@520836e7]
2024.07.02 08:35:17 WARN  Flyway upgrade recommended: H2 2.2.224 is newer than this version of Flyway and support has not been tested. The latest supported version of H2 is 2.2.220.
2024.07.02 08:35:21 INFO  no build target found for D:\university ucsc 2nd year\semester 1 year 2\SCS2204 Functional Programming\scala\Scala-Lab-Sheets\Practical_3\q4.scala. Using presentation compiler with project's scala-library version: 3.3.3
2024.07.02 08:35:22 INFO  Attempting to connect to the build server...
2024.07.02 08:35:22 INFO  Running BSP server List(C:\Users\Malin\AppData\Local\Coursier\data\bin\.scala-cli.aux.exe, bsp, --json-options, D:\university ucsc 2nd year\semester 1 year 2\SCS2204 Functional Programming\scala\Scala-Lab-Sheets\.scala-build\ide-options-v2.json, --json-launcher-options, D:\university ucsc 2nd year\semester 1 year 2\SCS2204 Functional Programming\scala\Scala-Lab-Sheets\.scala-build\ide-launcher-options.json, --envs-file, D:\university ucsc 2nd year\semester 1 year 2\SCS2204 Functional Programming\scala\Scala-Lab-Sheets\.scala-build\ide-envs.json, D:\university ucsc 2nd year\semester 1 year 2\SCS2204 Functional Programming\scala\Scala-Lab-Sheets)
2024.07.02 08:35:22 INFO  tracing is disabled for protocol BSP, to enable tracing of incoming and outgoing JSON messages create an empty file at D:\university ucsc 2nd year\semester 1 year 2\SCS2204 Functional Programming\scala\Scala-Lab-Sheets\.metals\bsp.trace.json or C:\Users\Malin\AppData\Local\scalameta\metals\cache\bsp.trace.json
2024.07.02 08:35:25 INFO  BSP server: Starting compilation server
2024.07.02 08:35:25 INFO  no build target found for D:\university ucsc 2nd year\semester 1 year 2\SCS2204 Functional Programming\scala\Scala-Lab-Sheets\Practical_3\q4.scala. Using presentation compiler with project's scala-library version: 3.3.3
2024.07.02 08:35:25 INFO  no build target found for D:\university ucsc 2nd year\semester 1 year 2\SCS2204 Functional Programming\scala\Scala-Lab-Sheets\Practical_3\q4.scala. Using presentation compiler with project's scala-library version: 3.3.3
2024.07.02 08:35:31 INFO  time: Connected to build server in 8.55s
2024.07.02 08:35:31 INFO  Connected to Build server: scala-cli v1.3.2
2024.07.02 08:35:31 INFO  time: Imported build in 0.16s
2024.07.02 08:35:33 INFO  time: indexed workspace in 2.45s
2024.07.02 09:11:05 INFO  Shutting down server
2024.07.02 09:11:05 INFO  shutting down Metals
2024.07.02 09:11:05 INFO  Shut down connection with build server.
2024.07.02 09:11:05 INFO  Exiting server
2024.07.09 04:34:20 INFO  Started: Metals version 1.3.2 in folders 'D:\university ucsc 2nd year\semester 1 year 2\SCS2204 Functional Programming\scala\Scala-Lab-Sheets' for client Visual Studio Code 1.90.2.
SLF4J(W): Class path contains multiple SLF4J providers.
SLF4J(W): Found provider [scribe.slf4j.ScribeServiceProvider@b2fd825]
SLF4J(W): Found provider [ch.qos.logback.classic.spi.LogbackServiceProvider@405a003b]
SLF4J(W): See https://www.slf4j.org/codes.html#multiple_bindings for an explanation.
SLF4J(I): Actual provider is of type [scribe.slf4j.ScribeServiceProvider@b2fd825]
2024.07.09 04:34:20 WARN  Flyway upgrade recommended: H2 2.2.224 is newer than this version of Flyway and support has not been tested. The latest supported version of H2 is 2.2.220.
2024.07.09 04:34:21 INFO  no build target found for D:\university ucsc 2nd year\semester 1 year 2\SCS2204 Functional Programming\scala\Scala-Lab-Sheets\Practical_3\q1.scala. Using presentation compiler with project's scala-library version: 3.3.3
2024.07.09 04:34:22 INFO  Attempting to connect to the build server...
2024.07.09 04:34:22 INFO  Running BSP server List(C:\Users\Malin\AppData\Local\Coursier\data\bin\.scala-cli.aux.exe, bsp, --json-options, D:\university ucsc 2nd year\semester 1 year 2\SCS2204 Functional Programming\scala\Scala-Lab-Sheets\.scala-build\ide-options-v2.json, --json-launcher-options, D:\university ucsc 2nd year\semester 1 year 2\SCS2204 Functional Programming\scala\Scala-Lab-Sheets\.scala-build\ide-launcher-options.json, --envs-file, D:\university ucsc 2nd year\semester 1 year 2\SCS2204 Functional Programming\scala\Scala-Lab-Sheets\.scala-build\ide-envs.json, D:\university ucsc 2nd year\semester 1 year 2\SCS2204 Functional Programming\scala\Scala-Lab-Sheets)
2024.07.09 04:34:22 INFO  tracing is disabled for protocol BSP, to enable tracing of incoming and outgoing JSON messages create an empty file at D:\university ucsc 2nd year\semester 1 year 2\SCS2204 Functional Programming\scala\Scala-Lab-Sheets\.metals\bsp.trace.json or C:\Users\Malin\AppData\Local\scalameta\metals\cache\bsp.trace.json
2024.07.09 04:34:24 INFO  BSP server: Starting compilation server
2024.07.09 04:34:30 INFO  time: Connected to build server in 8.85s
2024.07.09 04:34:30 INFO  Connected to Build server: scala-cli v1.3.2
Jul 09, 2024 4:34:42 AM org.eclipse.lsp4j.jsonrpc.services.GenericEndpoint notify
INFO: Unsupported notification method: $/setTrace
Jul 09, 2024 4:34:42 AM org.eclipse.lsp4j.jsonrpc.services.GenericEndpoint notify
INFO: Unsupported notification method: $/setTrace
2024.07.09 04:35:01 INFO  time: indexed workspace in 1.8s
2024.07.09 04:42:32 INFO  no build target found for D:\university ucsc 2nd year\semester 1 year 2\SCS2204 Functional Programming\scala\Scala-Lab-Sheets\Practical_4\q1.scala. Using presentation compiler with project's scala-library version: 3.3.3
2024.07.09 04:42:32 INFO  no build target found for D:\university ucsc 2nd year\semester 1 year 2\SCS2204 Functional Programming\scala\Scala-Lab-Sheets\Practical_4\q1.scala. Using presentation compiler with project's scala-library version: 3.3.3
2024.07.09 04:42:33 INFO  compiling scala-lab-sheets_f4dd477a3a (1 scala source)
2024.07.09 04:42:33 WARN  Could not find semantic tokens for: file:///D:/university%20ucsc%202nd%20year/semester%201%20year%202/SCS2204%20Functional%20Programming/scala/Scala-Lab-Sheets/Practical_4/q1.scala
2024.07.09 04:42:34 INFO  time: indexed workspace in 1.65s
2024.07.09 04:42:35 INFO  compiling scala-lab-sheets_f4dd477a3a (1 scala source)
2024.07.09 04:42:37 INFO  time: compiled Scala-Lab-Sheets_f4dd477a3a in 1.77s
2024.07.09 04:43:06 INFO  no build target found for D:\university ucsc 2nd year\semester 1 year 2\SCS2204 Functional Programming\scala\Scala-Lab-Sheets\Practical_4\q2.scala. Using presentation compiler with project's scala-library version: 3.3.3
2024.07.09 04:43:06 INFO  no build target found for D:\university ucsc 2nd year\semester 1 year 2\SCS2204 Functional Programming\scala\Scala-Lab-Sheets\Practical_4\q2.scala. Using presentation compiler with project's scala-library version: 3.3.3
2024.07.09 04:43:06 WARN  Could not find semantic tokens for: file:///D:/university%20ucsc%202nd%20year/semester%201%20year%202/SCS2204%20Functional%20Programming/scala/Scala-Lab-Sheets/Practical_4/q2.scala
2024.07.09 04:43:06 INFO  compiling scala-lab-sheets_f4dd477a3a (1 scala source)
2024.07.09 04:43:06 INFO  time: compiled Scala-Lab-Sheets_f4dd477a3a in 0.1s
2024.07.09 04:43:06 INFO  time: indexed workspace in 0.8s
2024.07.09 04:43:07 WARN  Could not find semantic tokens for: file:///D:/university%20ucsc%202nd%20year/semester%201%20year%202/SCS2204%20Functional%20Programming/scala/Scala-Lab-Sheets/Practical_4/q2.scala
2024.07.09 04:43:29 INFO  compiling scala-lab-sheets_f4dd477a3a (1 scala source)
2024.07.09 04:43:29 INFO  time: compiled Scala-Lab-Sheets_f4dd477a3a in 0.45s
2024.07.09 04:43:59 INFO  no build target found for D:\university ucsc 2nd year\semester 1 year 2\SCS2204 Functional Programming\scala\Scala-Lab-Sheets\Practical_4\q3.scala. Using presentation compiler with project's scala-library version: 3.3.3
2024.07.09 04:43:59 INFO  no build target found for D:\university ucsc 2nd year\semester 1 year 2\SCS2204 Functional Programming\scala\Scala-Lab-Sheets\Practical_4\q3.scala. Using presentation compiler with project's scala-library version: 3.3.3
2024.07.09 04:43:59 WARN  Could not find semantic tokens for: file:///D:/university%20ucsc%202nd%20year/semester%201%20year%202/SCS2204%20Functional%20Programming/scala/Scala-Lab-Sheets/Practical_4/q3.scala
2024.07.09 04:43:59 INFO  compiling scala-lab-sheets_f4dd477a3a (1 scala source)
2024.07.09 04:43:59 INFO  time: compiled Scala-Lab-Sheets_f4dd477a3a in 94ms
2024.07.09 04:43:59 INFO  time: indexed workspace in 0.78s
2024.07.09 04:44:00 WARN  Could not find semantic tokens for: file:///D:/university%20ucsc%202nd%20year/semester%201%20year%202/SCS2204%20Functional%20Programming/scala/Scala-Lab-Sheets/Practical_4/q3.scala
2024.07.09 04:44:24 INFO  compiling scala-lab-sheets_f4dd477a3a (1 scala source)
2024.07.09 04:44:24 INFO  time: compiled Scala-Lab-Sheets_f4dd477a3a in 0.5s
Jul 09, 2024 4:44:34 AM org.eclipse.lsp4j.jsonrpc.services.GenericEndpoint notify
INFO: Unsupported notification method: $/setTrace
